<?xml version="1.0" encoding="UTF-8"?>
<testsuites>
	<testsuite name="tests.PostTestCase-20200514143026" tests="12" file="tests.py" time="0.016" timestamp="2020-05-14T14:30:26" failures="1" errors="0" skipped="0">
		<testcase classname="tests.PostTestCase" name="test_task10_uncomment_templates" time="0.005" timestamp="2020-05-14T14:30:26" file="module4/tests.py" line="246">
			<system-out><![CDATA[]]></system-out>
			<system-err><![CDATA[]]></system-err>
		</testcase>
		<testcase classname="tests.PostTestCase" name="test_task11_admin_register_tag" time="0.001" timestamp="2020-05-14T14:30:26" file="module4/tests.py" line="258">
			<system-out><![CDATA[]]></system-out>
			<system-err><![CDATA[]]></system-err>
		</testcase>
		<testcase classname="tests.PostTestCase" name="test_task12_make_migrations" time="0.001" timestamp="2020-05-14T14:30:26" file="module4/tests.py" line="282">
			<system-out><![CDATA[]]></system-out>
			<system-err><![CDATA[]]></system-err>
		</testcase>
		<testcase classname="tests.PostTestCase" name="test_task1_tag_model_exists" time="0.001" timestamp="2020-05-14T14:30:26" file="module4/tests.py" line="114">
			<system-out><![CDATA[]]></system-out>
			<system-err><![CDATA[]]></system-err>
		</testcase>
		<testcase classname="tests.PostTestCase" name="test_task2_clean_method_exists" time="0.001" timestamp="2020-05-14T14:30:26" file="module4/tests.py" line="125">
			<system-out><![CDATA[]]></system-out>
			<system-err><![CDATA[]]></system-err>
		</testcase>
		<testcase classname="tests.PostTestCase" name="test_task3_str_exists" time="0.001" timestamp="2020-05-14T14:30:26" file="module4/tests.py" line="132">
			<system-out><![CDATA[]]></system-out>
			<system-err><![CDATA[]]></system-err>
		</testcase>
		<testcase classname="tests.PostTestCase" name="test_task4_many_to_many_exists" time="0.001" timestamp="2020-05-14T14:30:26" file="module4/tests.py" line="136">
			<system-out><![CDATA[]]></system-out>
			<system-err><![CDATA[]]></system-err>
		</testcase>
		<testcase classname="tests.PostTestCase" name="test_task5_tag_view" time="0.001" timestamp="2020-05-14T14:30:26" file="module4/tests.py" line="192">
			<system-out><![CDATA[]]></system-out>
			<system-err><![CDATA[]]></system-err>
		</testcase>
		<testcase classname="tests.PostTestCase" name="test_task7_tag_view_find_posts" time="0.001" timestamp="2020-05-14T14:30:26" file="module4/tests.py" line="203">
			<system-out><![CDATA[]]></system-out>
			<system-err><![CDATA[]]></system-err>
		</testcase>
		<testcase classname="tests.PostTestCase" name="test_task8_add_tag_url" time="0.001" timestamp="2020-05-14T14:30:26" file="module4/tests.py" line="209">
			<system-out><![CDATA[]]></system-out>
			<system-err><![CDATA[]]></system-err>
		</testcase>
		<testcase classname="tests.PostTestCase" name="test_task9_url_reverser" time="0.001" timestamp="2020-05-14T14:30:26" file="module4/tests.py" line="236">
			<system-out><![CDATA[]]></system-out>
			<system-err><![CDATA[]]></system-err>
		</testcase>
		<testcase classname="tests.PostTestCase" name="test_task6_tag_view_title" time="0.001" timestamp="2020-05-14T14:30:26" file="module4/tests.py" line="198">
			<failure type="AssertionError" message="Did you lowercase `name` in the `tag_post` method?"><![CDATA[Traceback (most recent call last):
  File "/Users/ticothep/my_projects/pluralsight-django-models/module4/tests.py", line 200, in test_task6_tag_view_title
    self.assertTrue(self.tag_view_name_assign_found, msg="Did you lowercase `name` in the `tag_post` method?")
  File "/Users/ticothep/my_projects/pluralsight-django-models/support/SimplerTestCase.py", line 12, in assertTrue
    self.fail(msg or (str(expr) + "is not True"))
AssertionError: Did you lowercase `name` in the `tag_post` method?
]]></failure>
			<system-out><![CDATA[]]></system-out>
			<system-err><![CDATA[]]></system-err>
		</testcase>
	</testsuite>
</testsuites>
